<?xml version="1.0" encoding="UTF-8"?>
<testng-results total="1" passed="1" failed="0" skipped="0">
  <reporter-output>
  </reporter-output>
  <suite started-at="2024-07-13T09:29:06Z" name="Default suite" finished-at="2024-07-13T09:29:16Z" duration-ms="10117">
    <groups>
    </groups>
    <test started-at="2024-07-13T09:29:06Z" name="Default test" finished-at="2024-07-13T09:29:16Z" duration-ms="10117">
      <class name="testcases.SIT_testcases">
        <test-method is-config="true" signature="initialize()[pri:0, instance:testcases.SIT_testcases@2cf3d63b]" started-at="2024-07-13T14:59:06Z" name="initialize" finished-at="2024-07-13T14:59:13Z" duration-ms="7405" status="PASS">
          <reporter-output>
          </reporter-output>
        </test-method> <!-- initialize -->
        <test-method signature="TC01()[pri:0, instance:testcases.SIT_testcases@2cf3d63b]" started-at="2024-07-13T14:59:13Z" name="TC01" finished-at="2024-07-13T14:59:16Z" duration-ms="2681" status="PASS">
          <reporter-output>
          </reporter-output>
        </test-method> <!-- TC01 -->
      </class> <!-- testcases.SIT_testcases -->
    </test> <!-- Default test -->
  </suite> <!-- Default suite -->
</testng-results>
